Compilación iniciada a las 05/11/2019 02:57:58 p. m..
     1>Proyecto "C:\Users\nicol\Desktop\Traductor\tokenizer\tokenizer\tokenizer.vcxproj" en el nodo 2 (rebuild destinos).
     1>_PrepareForClean:
         Se eliminará el archivo "Debug\tokenizer.lastbuildstate".
       InitializeBuildStatus:
         Aplicando tarea Touch a "Debug\tokenizer.unsuccessfulbuild".
       ClCompile:
         c:\Program Files (x86)\Microsoft Visual Studio 10.0\VC\bin\CL.exe /c /IC:\Users\nicol\Desktop\Traductor\tokenizer\tokenizer\boost /IC:\Users\nicol\Desktop\Traductor\tokenizer\tokenizer\boost\boost /ZI /nologo /W3 /WX- /Od /Oy- /D WIN32 /D _DEBUG /D _CONSOLE /D _UNICODE /D UNICODE /Gm /EHsc /RTC1 /MDd /GS /fp:precise /Zc:wchar_t /Zc:forScope /Yc"StdAfx.h" /Fp"Debug\tokenizer.pch" /Fo"Debug\\" /Fd"Debug\vc100.pdb" /Gd /TP /analyze- /errorReport:prompt stdafx.cpp
         stdafx.cpp
         c:\Program Files (x86)\Microsoft Visual Studio 10.0\VC\bin\CL.exe /c /IC:\Users\nicol\Desktop\Traductor\tokenizer\tokenizer\boost /IC:\Users\nicol\Desktop\Traductor\tokenizer\tokenizer\boost\boost /ZI /nologo /W3 /WX- /Od /Oy- /D WIN32 /D _DEBUG /D _CONSOLE /D _UNICODE /D UNICODE /Gm /EHsc /RTC1 /MDd /GS /fp:precise /Zc:wchar_t /Zc:forScope /Yu"StdAfx.h" /Fp"Debug\tokenizer.pch" /Fo"Debug\\" /Fd"Debug\vc100.pdb" /Gd /TP /analyze- /errorReport:prompt tokenizer.cpp
         tokenizer.cpp
     1>c:\program files (x86)\microsoft visual studio 10.0\vc\include\assert.h(25): error C2143: error de sintaxis : falta ';' delante de 'cadena'
     1>c:\program files (x86)\microsoft visual studio 10.0\vc\include\assert.h(25): error C2059: error de sintaxis : 'cadena'
     1>c:\program files (x86)\microsoft visual studio 10.0\vc\include\assert.h(25): error C2143: error de sintaxis : falta ';' delante de '{'
     1>c:\program files (x86)\microsoft visual studio 10.0\vc\include\assert.h(25): error C2447: '{' : falta el encabezado de función (¿lista formal de estilo anterior?)
     1>Compilación del proyecto terminada "C:\Users\nicol\Desktop\Traductor\tokenizer\tokenizer\tokenizer.vcxproj" (rebuild destinos) -- ERROR.

ERROR al compilar.

Tiempo transcurrido 00:00:03.57
